<?xml version="1.0" encoding="UTF-8"?>
<testng-results ignored="0" total="1" passed="1" failed="0" skipped="0">
  <reporter-output>
  </reporter-output>
  <suite started-at="2024-02-27T12:21:37 IST" name="Suite" finished-at="2024-02-27T12:22:23 IST" duration-ms="46593">
    <groups>
    </groups>
    <test started-at="2024-02-27T12:21:37 IST" name="Test" finished-at="2024-02-27T12:22:23 IST" duration-ms="46593">
      <class name="abc.A">
        <test-method signature="updateResume()[pri:1, instance:abc.A@10e41621]" started-at="2024-02-27T12:21:37 IST" name="updateResume" finished-at="2024-02-27T12:22:23 IST" duration-ms="46503" status="PASS">
          <reporter-output>
          </reporter-output>
        </test-method> <!-- updateResume -->
      </class> <!-- abc.A -->
    </test> <!-- Test -->
  </suite> <!-- Suite -->
</testng-results>
