<?xml version="1.0" encoding="UTF-8"?>
<testng-results ignored="0" total="1" passed="1" failed="0" skipped="0">
  <reporter-output>
  </reporter-output>
  <suite started-at="2024-01-30T23:13:14 IST" name="Default suite" finished-at="2024-01-30T23:13:54 IST" duration-ms="40513">
    <groups>
    </groups>
    <test started-at="2024-01-30T23:13:14 IST" name="Default test" finished-at="2024-01-30T23:13:54 IST" duration-ms="40513">
      <class name="abc.A">
        <test-method signature="updateResume()[pri:1, instance:abc.A@291ae]" started-at="2024-01-30T23:13:14 IST" name="updateResume" finished-at="2024-01-30T23:13:54 IST" duration-ms="40455" status="PASS">
          <reporter-output>
          </reporter-output>
        </test-method> <!-- updateResume -->
      </class> <!-- abc.A -->
    </test> <!-- Default test -->
  </suite> <!-- Default suite -->
</testng-results>
